WARN  2024-06-13 17:06:30,173 [WrapperListener_start_runner] [processor: ; event: ] org.mule.runtime.module.extension.internal.loader.utils.JavaMetadataKeyIdModelParserUtils: A Keys Resolver is being defined without defining an Output Resolver, Input Resolver nor Attributes Resolver
WARN  2024-06-13 17:06:30,267 [WrapperListener_start_runner] [processor: ; event: ] org.mule.runtime.module.extension.internal.loader.utils.JavaMetadataKeyIdModelParserUtils: A Keys Resolver is being defined without defining an Output Resolver, Input Resolver nor Attributes Resolver
WARN  2024-06-13 17:06:30,274 [WrapperListener_start_runner] [processor: ; event: ] org.mule.runtime.module.extension.internal.loader.utils.JavaMetadataKeyIdModelParserUtils: A Keys Resolver is being defined without defining an Output Resolver, Input Resolver nor Attributes Resolver
WARN  2024-06-13 17:06:31,029 [WrapperListener_start_runner] [processor: ; event: ] org.mule.runtime.module.extension.internal.loader.utils.JavaMetadataKeyIdModelParserUtils: A Keys Resolver is being defined without defining an Output Resolver, Input Resolver nor Attributes Resolver
WARN  2024-06-13 17:06:31,035 [WrapperListener_start_runner] [processor: ; event: ] org.mule.runtime.module.extension.internal.loader.utils.JavaMetadataKeyIdModelParserUtils: A Keys Resolver is being defined without defining an Output Resolver, Input Resolver nor Attributes Resolver
INFO  2024-06-13 17:06:32,414 [WrapperListener_start_runner] [processor: ; event: ] org.mule.runtime.api.el.AbstractBindingContextBuilderFactory: Loaded BindingContextBuilderFactory implementation 'org.mule.runtime.core.api.el.DefaultBindingContextBuilderFactory' from classloader 'java.net.URLClassLoader@19906bf0'
INFO  2024-06-13 17:06:36,671 [WrapperListener_start_runner] [processor: ; event: ] org.mule.runtime.api.message.AbstractMuleMessageBuilderFactory: Loaded MuleMessageBuilderFactory implementation 'org.mule.runtime.core.internal.message.DefaultMessageBuilderFactory' from classloader 'java.net.URLClassLoader@19906bf0'
INFO  2024-06-13 17:06:37,546 [WrapperListener_start_runner] [processor: ; event: ] org.mule.runtime.core.internal.security.tls.TlsProperties: Loading configuration file: tls-default.conf
INFO  2024-06-13 17:06:37,548 [WrapperListener_start_runner] [processor: ; event: ] org.mule.runtime.api.tls.AbstractTlsContextFactoryBuilderFactory: Loaded TlsContextFactoryBuilderFactory implementation 'org.mule.runtime.module.tls.api.DefaultTlsContextFactoryBuilderFactory' from classloader 'java.net.URLClassLoader@19906bf0'
INFO  2024-06-13 17:06:37,795 [WrapperListener_start_runner] [processor: ; event: ] org.mule.runtime.core.internal.util.journal.TransactionJournal: Using files for tx logs C:\Desktop\AnypointStudio\plugins\org.mule.tooling.server.4.6.ee_7.17.0.202403051335\mule\.\.mule\hello-api\queue-tx-log\tx1.log and C:\Desktop\AnypointStudio\plugins\org.mule.tooling.server.4.6.ee_7.17.0.202403051335\mule\.\.mule\hello-api\queue-tx-log\tx2.log
INFO  2024-06-13 17:06:37,807 [WrapperListener_start_runner] [processor: ; event: ] org.mule.runtime.core.internal.util.journal.TransactionJournal: Using files for tx logs C:\Desktop\AnypointStudio\plugins\org.mule.tooling.server.4.6.ee_7.17.0.202403051335\mule\.\.mule\hello-api\queue-xa-tx-log\tx1.log and C:\Desktop\AnypointStudio\plugins\org.mule.tooling.server.4.6.ee_7.17.0.202403051335\mule\.\.mule\hello-api\queue-xa-tx-log\tx2.log
INFO  2024-06-13 17:06:37,848 [WrapperListener_start_runner] [processor: ; event: ] org.mule.runtime.core.privileged.lifecycle.AbstractLifecycleManager: Initialising Bean: org.mule.runtime.module.extension.internal.runtime.config.StaticConfigurationProvider-HTTP_Listener_config
INFO  2024-06-13 17:06:38,391 [WrapperListener_start_runner] [processor: ; event: ] org.mule.runtime.core.privileged.lifecycle.AbstractLifecycleManager: Initialising Bean: org.mule.runtime.module.extension.internal.runtime.config.StaticConfigurationProvider-HTTP_Request_configuration
INFO  2024-06-13 17:06:38,412 [WrapperListener_start_runner] [processor: ; event: ] org.mule.runtime.core.internal.construct.FlowConstructLifecycleManager: Initialising flow: hello-apiFlow
INFO  2024-06-13 17:06:38,523 [WrapperListener_start_runner] [processor: ; event: ] org.mule.runtime.core.privileged.lifecycle.AbstractLifecycleManager: Initialising Bean: listener
INFO  2024-06-13 17:06:38,832 [ArtifactDeployer.start.01] [processor: ; event: ] org.mule.runtime.core.internal.util.queue.QueueXaResourceManager: Starting ResourceManager
INFO  2024-06-13 17:06:38,832 [ArtifactDeployer.start.01] [processor: ; event: ] org.mule.runtime.core.internal.util.queue.QueueXaResourceManager: Started ResourceManager
INFO  2024-06-13 17:06:38,853 [ArtifactDeployer.start.01] [processor: ; event: ] org.mule.runtime.core.privileged.lifecycle.AbstractLifecycleManager: Starting Bean: org.mule.runtime.module.extension.internal.runtime.config.StaticConfigurationProvider-HTTP_Listener_config
INFO  2024-06-13 17:06:38,882 [ArtifactDeployer.start.01] [processor: ; event: ] org.mule.runtime.core.privileged.lifecycle.AbstractLifecycleManager: Starting Bean: org.mule.runtime.module.extension.internal.runtime.config.StaticConfigurationProvider-HTTP_Request_configuration
INFO  2024-06-13 17:06:39,043 [ArtifactDeployer.start.01] [processor: ; event: ] org.mule.runtime.core.internal.construct.FlowConstructLifecycleManager: Starting flow: hello-apiFlow
INFO  2024-06-13 17:06:39,388 [ArtifactDeployer.start.01] [processor: ; event: ] org.mule.runtime.core.privileged.lifecycle.AbstractLifecycleManager: Starting Bean: listener
WARN  2024-06-13 17:06:39,391 [ArtifactDeployer.start.01] [processor: ; event: ] com.mulesoft.agent.configuration.descriptor.YamlMuleAgentDescriptor: Descriptor file C:\Desktop\AnypointStudio\plugins\org.mule.tooling.server.4.6.ee_7.17.0.202403051335\mule\conf\hello-api.yml not found.
WARN  2024-06-13 17:06:39,392 [ArtifactDeployer.start.01] [processor: ; event: ] com.mulesoft.agent.services.application.AgentApplicationService: Application fragment not found for application: hello-api
INFO  2024-06-13 17:06:39,392 [ArtifactDeployer.start.01] [processor: ; event: ] org.mule.runtime.core.internal.logging.LogUtil: 
**********************************************************************
* Application: hello-api                                             *
* OS encoding: UTF-8, Mule encoding: UTF-8                           *
*                                                                    *
**********************************************************************
INFO  2024-06-13 17:06:39,445 [[MuleRuntime].uber.01: [hello-api].uber@org.mule.runtime.module.extension.internal.runtime.source.ExtensionMessageSource.lambda$reallyDoStart$17:489 @760074a6] [processor: ; event: ] org.mule.runtime.module.extension.internal.runtime.source.ExtensionMessageSource: Message source 'listener' on flow 'hello-apiFlow' successfully started
